<?xml version="1.0" encoding="UTF-8"?>
<!-- Generated by org.testng.reporters.JUnitReportReporter -->
<testsuite hostname="Matron5-PC" failures="0" tests="2" name="com.RegTest.Registration" time="8.111" errors="0" timestamp="05 Feb 2019 05:06:53 GMT" skipped="0">
  <testcase classname="com.RegTest.Registration" name="VerifyRegistrationPage" time="3.468"/>
  <testcase classname="com.RegTest.Registration" name="VerifySearchPage" time="4.643"/>
</testsuite> <!-- com.RegTest.Registration -->
